<?xml version="1.0" encoding="UTF-8"?>
<!-- Generated by org.testng.reporters.JUnitReportReporter -->
<testsuite hostname="macos-C02F620XMD6N" failures="0" tests="1" name="com.avirtusaa.MainTestRunner" time="38.537" errors="0" timestamp="2023-10-08T03:30:39 IST" skipped="0">
  <testcase classname="com.avirtusaa.MainTestRunner" name="name" time="38.537"/>
  <system-out>
    <![CDATA[The test is found to have passed !!]]>
  </system-out>
</testsuite> <!-- com.avirtusaa.MainTestRunner -->
